ARM GAS  /tmp/ccnLF5bw.s 			page 1


   1              		.cpu cortex-m4
   2              		.arch armv7e-m
   3              		.fpu fpv4-sp-d16
   4              		.eabi_attribute 27, 1
   5              		.eabi_attribute 28, 1
   6              		.eabi_attribute 20, 1
   7              		.eabi_attribute 21, 1
   8              		.eabi_attribute 23, 3
   9              		.eabi_attribute 24, 1
  10              		.eabi_attribute 25, 1
  11              		.eabi_attribute 26, 1
  12              		.eabi_attribute 30, 1
  13              		.eabi_attribute 34, 1
  14              		.eabi_attribute 18, 4
  15              		.file	"usbd_desc.c"
  16              		.text
  17              	.Ltext0:
  18              		.cfi_sections	.debug_frame
  19              		.file 1 "USB_DEVICE/App/usbd_desc.c"
  20              		.section	.text.USBD_FS_DeviceDescriptor,"ax",%progbits
  21              		.align	1
  22              		.global	USBD_FS_DeviceDescriptor
  23              		.syntax unified
  24              		.thumb
  25              		.thumb_func
  27              	USBD_FS_DeviceDescriptor:
  28              	.LVL0:
  29              	.LFB138:
   1:USB_DEVICE/App/usbd_desc.c **** /* USER CODE BEGIN Header */
   2:USB_DEVICE/App/usbd_desc.c **** /**
   3:USB_DEVICE/App/usbd_desc.c ****   ******************************************************************************
   4:USB_DEVICE/App/usbd_desc.c ****   * @file           : App/usbd_desc.c
   5:USB_DEVICE/App/usbd_desc.c ****   * @version        : v1.0_Cube
   6:USB_DEVICE/App/usbd_desc.c ****   * @brief          : This file implements the USB device descriptors.
   7:USB_DEVICE/App/usbd_desc.c ****   ******************************************************************************
   8:USB_DEVICE/App/usbd_desc.c ****   * @attention
   9:USB_DEVICE/App/usbd_desc.c ****   *
  10:USB_DEVICE/App/usbd_desc.c ****   * <h2><center>&copy; Copyright (c) 2021 STMicroelectronics.
  11:USB_DEVICE/App/usbd_desc.c ****   * All rights reserved.</center></h2>
  12:USB_DEVICE/App/usbd_desc.c ****   *
  13:USB_DEVICE/App/usbd_desc.c ****   * This software component is licensed by ST under Ultimate Liberty license
  14:USB_DEVICE/App/usbd_desc.c ****   * SLA0044, the "License"; You may not use this file except in compliance with
  15:USB_DEVICE/App/usbd_desc.c ****   * the License. You may obtain a copy of the License at:
  16:USB_DEVICE/App/usbd_desc.c ****   *                             www.st.com/SLA0044
  17:USB_DEVICE/App/usbd_desc.c ****   *
  18:USB_DEVICE/App/usbd_desc.c ****   ******************************************************************************
  19:USB_DEVICE/App/usbd_desc.c ****   */
  20:USB_DEVICE/App/usbd_desc.c **** /* USER CODE END Header */
  21:USB_DEVICE/App/usbd_desc.c **** 
  22:USB_DEVICE/App/usbd_desc.c **** /* Includes ------------------------------------------------------------------*/
  23:USB_DEVICE/App/usbd_desc.c **** #include "usbd_core.h"
  24:USB_DEVICE/App/usbd_desc.c **** #include "usbd_desc.h"
  25:USB_DEVICE/App/usbd_desc.c **** #include "usbd_conf.h"
  26:USB_DEVICE/App/usbd_desc.c **** 
  27:USB_DEVICE/App/usbd_desc.c **** /* USER CODE BEGIN INCLUDE */
  28:USB_DEVICE/App/usbd_desc.c **** 
  29:USB_DEVICE/App/usbd_desc.c **** /* USER CODE END INCLUDE */
ARM GAS  /tmp/ccnLF5bw.s 			page 2


  30:USB_DEVICE/App/usbd_desc.c **** 
  31:USB_DEVICE/App/usbd_desc.c **** /* Private typedef -----------------------------------------------------------*/
  32:USB_DEVICE/App/usbd_desc.c **** /* Private define ------------------------------------------------------------*/
  33:USB_DEVICE/App/usbd_desc.c **** /* Private macro -------------------------------------------------------------*/
  34:USB_DEVICE/App/usbd_desc.c **** 
  35:USB_DEVICE/App/usbd_desc.c **** /* USER CODE BEGIN PV */
  36:USB_DEVICE/App/usbd_desc.c **** /* Private variables ---------------------------------------------------------*/
  37:USB_DEVICE/App/usbd_desc.c **** 
  38:USB_DEVICE/App/usbd_desc.c **** /* USER CODE END PV */
  39:USB_DEVICE/App/usbd_desc.c **** 
  40:USB_DEVICE/App/usbd_desc.c **** /** @addtogroup STM32_USB_OTG_DEVICE_LIBRARY
  41:USB_DEVICE/App/usbd_desc.c ****   * @{
  42:USB_DEVICE/App/usbd_desc.c ****   */
  43:USB_DEVICE/App/usbd_desc.c **** 
  44:USB_DEVICE/App/usbd_desc.c **** /** @addtogroup USBD_DESC
  45:USB_DEVICE/App/usbd_desc.c ****   * @{
  46:USB_DEVICE/App/usbd_desc.c ****   */
  47:USB_DEVICE/App/usbd_desc.c **** 
  48:USB_DEVICE/App/usbd_desc.c **** /** @defgroup USBD_DESC_Private_TypesDefinitions USBD_DESC_Private_TypesDefinitions
  49:USB_DEVICE/App/usbd_desc.c ****   * @brief Private types.
  50:USB_DEVICE/App/usbd_desc.c ****   * @{
  51:USB_DEVICE/App/usbd_desc.c ****   */
  52:USB_DEVICE/App/usbd_desc.c **** 
  53:USB_DEVICE/App/usbd_desc.c **** /* USER CODE BEGIN PRIVATE_TYPES */
  54:USB_DEVICE/App/usbd_desc.c **** 
  55:USB_DEVICE/App/usbd_desc.c **** /* USER CODE END PRIVATE_TYPES */
  56:USB_DEVICE/App/usbd_desc.c **** 
  57:USB_DEVICE/App/usbd_desc.c **** /**
  58:USB_DEVICE/App/usbd_desc.c ****   * @}
  59:USB_DEVICE/App/usbd_desc.c ****   */
  60:USB_DEVICE/App/usbd_desc.c **** 
  61:USB_DEVICE/App/usbd_desc.c **** /** @defgroup USBD_DESC_Private_Defines USBD_DESC_Private_Defines
  62:USB_DEVICE/App/usbd_desc.c ****   * @brief Private defines.
  63:USB_DEVICE/App/usbd_desc.c ****   * @{
  64:USB_DEVICE/App/usbd_desc.c ****   */
  65:USB_DEVICE/App/usbd_desc.c **** 
  66:USB_DEVICE/App/usbd_desc.c **** #define USBD_VID     1155
  67:USB_DEVICE/App/usbd_desc.c **** #define USBD_LANGID_STRING     1033
  68:USB_DEVICE/App/usbd_desc.c **** #define USBD_MANUFACTURER_STRING     "STMicroelectronics"
  69:USB_DEVICE/App/usbd_desc.c **** #define USBD_PID_FS     22336
  70:USB_DEVICE/App/usbd_desc.c **** #define USBD_PRODUCT_STRING_FS     "STM32 Virtual ComPort"
  71:USB_DEVICE/App/usbd_desc.c **** #define USBD_CONFIGURATION_STRING_FS     "CDC Config"
  72:USB_DEVICE/App/usbd_desc.c **** #define USBD_INTERFACE_STRING_FS     "CDC Interface"
  73:USB_DEVICE/App/usbd_desc.c **** 
  74:USB_DEVICE/App/usbd_desc.c **** #define USB_SIZ_BOS_DESC            0x0C
  75:USB_DEVICE/App/usbd_desc.c **** 
  76:USB_DEVICE/App/usbd_desc.c **** /* USER CODE BEGIN PRIVATE_DEFINES */
  77:USB_DEVICE/App/usbd_desc.c **** 
  78:USB_DEVICE/App/usbd_desc.c **** /* USER CODE END PRIVATE_DEFINES */
  79:USB_DEVICE/App/usbd_desc.c **** 
  80:USB_DEVICE/App/usbd_desc.c **** /**
  81:USB_DEVICE/App/usbd_desc.c ****   * @}
  82:USB_DEVICE/App/usbd_desc.c ****   */
  83:USB_DEVICE/App/usbd_desc.c **** 
  84:USB_DEVICE/App/usbd_desc.c **** /* USER CODE BEGIN 0 */
  85:USB_DEVICE/App/usbd_desc.c **** 
  86:USB_DEVICE/App/usbd_desc.c **** /* USER CODE END 0 */
ARM GAS  /tmp/ccnLF5bw.s 			page 3


  87:USB_DEVICE/App/usbd_desc.c **** 
  88:USB_DEVICE/App/usbd_desc.c **** /** @defgroup USBD_DESC_Private_Macros USBD_DESC_Private_Macros
  89:USB_DEVICE/App/usbd_desc.c ****   * @brief Private macros.
  90:USB_DEVICE/App/usbd_desc.c ****   * @{
  91:USB_DEVICE/App/usbd_desc.c ****   */
  92:USB_DEVICE/App/usbd_desc.c **** 
  93:USB_DEVICE/App/usbd_desc.c **** /* USER CODE BEGIN PRIVATE_MACRO */
  94:USB_DEVICE/App/usbd_desc.c **** 
  95:USB_DEVICE/App/usbd_desc.c **** /* USER CODE END PRIVATE_MACRO */
  96:USB_DEVICE/App/usbd_desc.c **** 
  97:USB_DEVICE/App/usbd_desc.c **** /**
  98:USB_DEVICE/App/usbd_desc.c ****   * @}
  99:USB_DEVICE/App/usbd_desc.c ****   */
 100:USB_DEVICE/App/usbd_desc.c **** 
 101:USB_DEVICE/App/usbd_desc.c **** /** @defgroup USBD_DESC_Private_FunctionPrototypes USBD_DESC_Private_FunctionPrototypes
 102:USB_DEVICE/App/usbd_desc.c ****   * @brief Private functions declaration.
 103:USB_DEVICE/App/usbd_desc.c ****   * @{
 104:USB_DEVICE/App/usbd_desc.c ****   */
 105:USB_DEVICE/App/usbd_desc.c **** 
 106:USB_DEVICE/App/usbd_desc.c **** static void Get_SerialNum(void);
 107:USB_DEVICE/App/usbd_desc.c **** static void IntToUnicode(uint32_t value, uint8_t * pbuf, uint8_t len);
 108:USB_DEVICE/App/usbd_desc.c **** 
 109:USB_DEVICE/App/usbd_desc.c **** /**
 110:USB_DEVICE/App/usbd_desc.c ****   * @}
 111:USB_DEVICE/App/usbd_desc.c ****   */
 112:USB_DEVICE/App/usbd_desc.c **** 
 113:USB_DEVICE/App/usbd_desc.c **** /** @defgroup USBD_DESC_Private_FunctionPrototypes USBD_DESC_Private_FunctionPrototypes
 114:USB_DEVICE/App/usbd_desc.c ****   * @brief Private functions declaration for FS.
 115:USB_DEVICE/App/usbd_desc.c ****   * @{
 116:USB_DEVICE/App/usbd_desc.c ****   */
 117:USB_DEVICE/App/usbd_desc.c **** 
 118:USB_DEVICE/App/usbd_desc.c **** uint8_t * USBD_FS_DeviceDescriptor(USBD_SpeedTypeDef speed, uint16_t *length);
 119:USB_DEVICE/App/usbd_desc.c **** uint8_t * USBD_FS_LangIDStrDescriptor(USBD_SpeedTypeDef speed, uint16_t *length);
 120:USB_DEVICE/App/usbd_desc.c **** uint8_t * USBD_FS_ManufacturerStrDescriptor(USBD_SpeedTypeDef speed, uint16_t *length);
 121:USB_DEVICE/App/usbd_desc.c **** uint8_t * USBD_FS_ProductStrDescriptor(USBD_SpeedTypeDef speed, uint16_t *length);
 122:USB_DEVICE/App/usbd_desc.c **** uint8_t * USBD_FS_SerialStrDescriptor(USBD_SpeedTypeDef speed, uint16_t *length);
 123:USB_DEVICE/App/usbd_desc.c **** uint8_t * USBD_FS_ConfigStrDescriptor(USBD_SpeedTypeDef speed, uint16_t *length);
 124:USB_DEVICE/App/usbd_desc.c **** uint8_t * USBD_FS_InterfaceStrDescriptor(USBD_SpeedTypeDef speed, uint16_t *length);
 125:USB_DEVICE/App/usbd_desc.c **** #if (USBD_LPM_ENABLED == 1)
 126:USB_DEVICE/App/usbd_desc.c **** uint8_t * USBD_FS_USR_BOSDescriptor(USBD_SpeedTypeDef speed, uint16_t *length);
 127:USB_DEVICE/App/usbd_desc.c **** #endif /* (USBD_LPM_ENABLED == 1) */
 128:USB_DEVICE/App/usbd_desc.c **** 
 129:USB_DEVICE/App/usbd_desc.c **** /**
 130:USB_DEVICE/App/usbd_desc.c ****   * @}
 131:USB_DEVICE/App/usbd_desc.c ****   */
 132:USB_DEVICE/App/usbd_desc.c **** 
 133:USB_DEVICE/App/usbd_desc.c **** /** @defgroup USBD_DESC_Private_Variables USBD_DESC_Private_Variables
 134:USB_DEVICE/App/usbd_desc.c ****   * @brief Private variables.
 135:USB_DEVICE/App/usbd_desc.c ****   * @{
 136:USB_DEVICE/App/usbd_desc.c ****   */
 137:USB_DEVICE/App/usbd_desc.c **** 
 138:USB_DEVICE/App/usbd_desc.c **** USBD_DescriptorsTypeDef FS_Desc =
 139:USB_DEVICE/App/usbd_desc.c **** {
 140:USB_DEVICE/App/usbd_desc.c ****   USBD_FS_DeviceDescriptor
 141:USB_DEVICE/App/usbd_desc.c **** , USBD_FS_LangIDStrDescriptor
 142:USB_DEVICE/App/usbd_desc.c **** , USBD_FS_ManufacturerStrDescriptor
 143:USB_DEVICE/App/usbd_desc.c **** , USBD_FS_ProductStrDescriptor
ARM GAS  /tmp/ccnLF5bw.s 			page 4


 144:USB_DEVICE/App/usbd_desc.c **** , USBD_FS_SerialStrDescriptor
 145:USB_DEVICE/App/usbd_desc.c **** , USBD_FS_ConfigStrDescriptor
 146:USB_DEVICE/App/usbd_desc.c **** , USBD_FS_InterfaceStrDescriptor
 147:USB_DEVICE/App/usbd_desc.c **** #if (USBD_LPM_ENABLED == 1)
 148:USB_DEVICE/App/usbd_desc.c **** , USBD_FS_USR_BOSDescriptor
 149:USB_DEVICE/App/usbd_desc.c **** #endif /* (USBD_LPM_ENABLED == 1) */
 150:USB_DEVICE/App/usbd_desc.c **** };
 151:USB_DEVICE/App/usbd_desc.c **** 
 152:USB_DEVICE/App/usbd_desc.c **** #if defined ( __ICCARM__ ) /* IAR Compiler */
 153:USB_DEVICE/App/usbd_desc.c ****   #pragma data_alignment=4
 154:USB_DEVICE/App/usbd_desc.c **** #endif /* defined ( __ICCARM__ ) */
 155:USB_DEVICE/App/usbd_desc.c **** /** USB standard device descriptor. */
 156:USB_DEVICE/App/usbd_desc.c **** __ALIGN_BEGIN uint8_t USBD_FS_DeviceDesc[USB_LEN_DEV_DESC] __ALIGN_END =
 157:USB_DEVICE/App/usbd_desc.c **** {
 158:USB_DEVICE/App/usbd_desc.c ****   0x12,                       /*bLength */
 159:USB_DEVICE/App/usbd_desc.c ****   USB_DESC_TYPE_DEVICE,       /*bDescriptorType*/
 160:USB_DEVICE/App/usbd_desc.c **** #if (USBD_LPM_ENABLED == 1)
 161:USB_DEVICE/App/usbd_desc.c ****   0x01,                       /*bcdUSB */ /* changed to USB version 2.01
 162:USB_DEVICE/App/usbd_desc.c ****                                              in order to support LPM L1 suspend
 163:USB_DEVICE/App/usbd_desc.c ****                                              resume test of USBCV3.0*/
 164:USB_DEVICE/App/usbd_desc.c **** #else
 165:USB_DEVICE/App/usbd_desc.c ****   0x00,                       /*bcdUSB */
 166:USB_DEVICE/App/usbd_desc.c **** #endif /* (USBD_LPM_ENABLED == 1) */
 167:USB_DEVICE/App/usbd_desc.c ****   0x02,
 168:USB_DEVICE/App/usbd_desc.c ****   0x02,                       /*bDeviceClass*/
 169:USB_DEVICE/App/usbd_desc.c ****   0x02,                       /*bDeviceSubClass*/
 170:USB_DEVICE/App/usbd_desc.c ****   0x00,                       /*bDeviceProtocol*/
 171:USB_DEVICE/App/usbd_desc.c ****   USB_MAX_EP0_SIZE,           /*bMaxPacketSize*/
 172:USB_DEVICE/App/usbd_desc.c ****   LOBYTE(USBD_VID),           /*idVendor*/
 173:USB_DEVICE/App/usbd_desc.c ****   HIBYTE(USBD_VID),           /*idVendor*/
 174:USB_DEVICE/App/usbd_desc.c ****   LOBYTE(USBD_PID_FS),        /*idProduct*/
 175:USB_DEVICE/App/usbd_desc.c ****   HIBYTE(USBD_PID_FS),        /*idProduct*/
 176:USB_DEVICE/App/usbd_desc.c ****   0x00,                       /*bcdDevice rel. 2.00*/
 177:USB_DEVICE/App/usbd_desc.c ****   0x02,
 178:USB_DEVICE/App/usbd_desc.c ****   USBD_IDX_MFC_STR,           /*Index of manufacturer  string*/
 179:USB_DEVICE/App/usbd_desc.c ****   USBD_IDX_PRODUCT_STR,       /*Index of product string*/
 180:USB_DEVICE/App/usbd_desc.c ****   USBD_IDX_SERIAL_STR,        /*Index of serial number string*/
 181:USB_DEVICE/App/usbd_desc.c ****   USBD_MAX_NUM_CONFIGURATION  /*bNumConfigurations*/
 182:USB_DEVICE/App/usbd_desc.c **** };
 183:USB_DEVICE/App/usbd_desc.c **** 
 184:USB_DEVICE/App/usbd_desc.c **** /* USB_DeviceDescriptor */
 185:USB_DEVICE/App/usbd_desc.c **** /** BOS descriptor. */
 186:USB_DEVICE/App/usbd_desc.c **** #if (USBD_LPM_ENABLED == 1)
 187:USB_DEVICE/App/usbd_desc.c **** #if defined ( __ICCARM__ ) /* IAR Compiler */
 188:USB_DEVICE/App/usbd_desc.c ****   #pragma data_alignment=4
 189:USB_DEVICE/App/usbd_desc.c **** #endif /* defined ( __ICCARM__ ) */
 190:USB_DEVICE/App/usbd_desc.c **** __ALIGN_BEGIN uint8_t USBD_FS_BOSDesc[USB_SIZ_BOS_DESC] __ALIGN_END =
 191:USB_DEVICE/App/usbd_desc.c **** {
 192:USB_DEVICE/App/usbd_desc.c ****   0x5,
 193:USB_DEVICE/App/usbd_desc.c ****   USB_DESC_TYPE_BOS,
 194:USB_DEVICE/App/usbd_desc.c ****   0xC,
 195:USB_DEVICE/App/usbd_desc.c ****   0x0,
 196:USB_DEVICE/App/usbd_desc.c ****   0x1,  /* 1 device capability*/
 197:USB_DEVICE/App/usbd_desc.c ****         /* device capability*/
 198:USB_DEVICE/App/usbd_desc.c ****   0x7,
 199:USB_DEVICE/App/usbd_desc.c ****   USB_DEVICE_CAPABITY_TYPE,
 200:USB_DEVICE/App/usbd_desc.c ****   0x2,
ARM GAS  /tmp/ccnLF5bw.s 			page 5


 201:USB_DEVICE/App/usbd_desc.c ****   0x2,  /* LPM capability bit set*/
 202:USB_DEVICE/App/usbd_desc.c ****   0x0,
 203:USB_DEVICE/App/usbd_desc.c ****   0x0,
 204:USB_DEVICE/App/usbd_desc.c ****   0x0
 205:USB_DEVICE/App/usbd_desc.c **** };
 206:USB_DEVICE/App/usbd_desc.c **** #endif /* (USBD_LPM_ENABLED == 1) */
 207:USB_DEVICE/App/usbd_desc.c **** 
 208:USB_DEVICE/App/usbd_desc.c **** /**
 209:USB_DEVICE/App/usbd_desc.c ****   * @}
 210:USB_DEVICE/App/usbd_desc.c ****   */
 211:USB_DEVICE/App/usbd_desc.c **** 
 212:USB_DEVICE/App/usbd_desc.c **** /** @defgroup USBD_DESC_Private_Variables USBD_DESC_Private_Variables
 213:USB_DEVICE/App/usbd_desc.c ****   * @brief Private variables.
 214:USB_DEVICE/App/usbd_desc.c ****   * @{
 215:USB_DEVICE/App/usbd_desc.c ****   */
 216:USB_DEVICE/App/usbd_desc.c **** 
 217:USB_DEVICE/App/usbd_desc.c **** #if defined ( __ICCARM__ ) /* IAR Compiler */
 218:USB_DEVICE/App/usbd_desc.c ****   #pragma data_alignment=4
 219:USB_DEVICE/App/usbd_desc.c **** #endif /* defined ( __ICCARM__ ) */
 220:USB_DEVICE/App/usbd_desc.c **** 
 221:USB_DEVICE/App/usbd_desc.c **** /** USB lang identifier descriptor. */
 222:USB_DEVICE/App/usbd_desc.c **** __ALIGN_BEGIN uint8_t USBD_LangIDDesc[USB_LEN_LANGID_STR_DESC] __ALIGN_END =
 223:USB_DEVICE/App/usbd_desc.c **** {
 224:USB_DEVICE/App/usbd_desc.c ****      USB_LEN_LANGID_STR_DESC,
 225:USB_DEVICE/App/usbd_desc.c ****      USB_DESC_TYPE_STRING,
 226:USB_DEVICE/App/usbd_desc.c ****      LOBYTE(USBD_LANGID_STRING),
 227:USB_DEVICE/App/usbd_desc.c ****      HIBYTE(USBD_LANGID_STRING)
 228:USB_DEVICE/App/usbd_desc.c **** };
 229:USB_DEVICE/App/usbd_desc.c **** 
 230:USB_DEVICE/App/usbd_desc.c **** #if defined ( __ICCARM__ ) /* IAR Compiler */
 231:USB_DEVICE/App/usbd_desc.c ****   #pragma data_alignment=4
 232:USB_DEVICE/App/usbd_desc.c **** #endif /* defined ( __ICCARM__ ) */
 233:USB_DEVICE/App/usbd_desc.c **** /* Internal string descriptor. */
 234:USB_DEVICE/App/usbd_desc.c **** __ALIGN_BEGIN uint8_t USBD_StrDesc[USBD_MAX_STR_DESC_SIZ] __ALIGN_END;
 235:USB_DEVICE/App/usbd_desc.c **** 
 236:USB_DEVICE/App/usbd_desc.c **** #if defined ( __ICCARM__ ) /*!< IAR Compiler */
 237:USB_DEVICE/App/usbd_desc.c ****   #pragma data_alignment=4
 238:USB_DEVICE/App/usbd_desc.c **** #endif
 239:USB_DEVICE/App/usbd_desc.c **** __ALIGN_BEGIN uint8_t USBD_StringSerial[USB_SIZ_STRING_SERIAL] __ALIGN_END = {
 240:USB_DEVICE/App/usbd_desc.c ****   USB_SIZ_STRING_SERIAL,
 241:USB_DEVICE/App/usbd_desc.c ****   USB_DESC_TYPE_STRING,
 242:USB_DEVICE/App/usbd_desc.c **** };
 243:USB_DEVICE/App/usbd_desc.c **** 
 244:USB_DEVICE/App/usbd_desc.c **** /**
 245:USB_DEVICE/App/usbd_desc.c ****   * @}
 246:USB_DEVICE/App/usbd_desc.c ****   */
 247:USB_DEVICE/App/usbd_desc.c **** 
 248:USB_DEVICE/App/usbd_desc.c **** /** @defgroup USBD_DESC_Private_Functions USBD_DESC_Private_Functions
 249:USB_DEVICE/App/usbd_desc.c ****   * @brief Private functions.
 250:USB_DEVICE/App/usbd_desc.c ****   * @{
 251:USB_DEVICE/App/usbd_desc.c ****   */
 252:USB_DEVICE/App/usbd_desc.c **** 
 253:USB_DEVICE/App/usbd_desc.c **** /**
 254:USB_DEVICE/App/usbd_desc.c ****   * @brief  Return the device descriptor
 255:USB_DEVICE/App/usbd_desc.c ****   * @param  speed : Current device speed
 256:USB_DEVICE/App/usbd_desc.c ****   * @param  length : Pointer to data length variable
 257:USB_DEVICE/App/usbd_desc.c ****   * @retval Pointer to descriptor buffer
ARM GAS  /tmp/ccnLF5bw.s 			page 6


 258:USB_DEVICE/App/usbd_desc.c ****   */
 259:USB_DEVICE/App/usbd_desc.c **** uint8_t * USBD_FS_DeviceDescriptor(USBD_SpeedTypeDef speed, uint16_t *length)
 260:USB_DEVICE/App/usbd_desc.c **** {
  30              		.loc 1 260 1 view -0
  31              		.cfi_startproc
  32              		@ args = 0, pretend = 0, frame = 0
  33              		@ frame_needed = 0, uses_anonymous_args = 0
  34              		@ link register save eliminated.
 261:USB_DEVICE/App/usbd_desc.c ****   UNUSED(speed);
  35              		.loc 1 261 3 view .LVU1
 262:USB_DEVICE/App/usbd_desc.c ****   *length = sizeof(USBD_FS_DeviceDesc);
  36              		.loc 1 262 3 view .LVU2
  37              		.loc 1 262 11 is_stmt 0 view .LVU3
  38 0000 1223     		movs	r3, #18
  39 0002 0B80     		strh	r3, [r1]	@ movhi
 263:USB_DEVICE/App/usbd_desc.c ****   return USBD_FS_DeviceDesc;
  40              		.loc 1 263 3 is_stmt 1 view .LVU4
 264:USB_DEVICE/App/usbd_desc.c **** }
  41              		.loc 1 264 1 is_stmt 0 view .LVU5
  42 0004 0048     		ldr	r0, .L2
  43              	.LVL1:
  44              		.loc 1 264 1 view .LVU6
  45 0006 7047     		bx	lr
  46              	.L3:
  47              		.align	2
  48              	.L2:
  49 0008 00000000 		.word	USBD_FS_DeviceDesc
  50              		.cfi_endproc
  51              	.LFE138:
  53              		.section	.text.USBD_FS_LangIDStrDescriptor,"ax",%progbits
  54              		.align	1
  55              		.global	USBD_FS_LangIDStrDescriptor
  56              		.syntax unified
  57              		.thumb
  58              		.thumb_func
  60              	USBD_FS_LangIDStrDescriptor:
  61              	.LVL2:
  62              	.LFB139:
 265:USB_DEVICE/App/usbd_desc.c **** 
 266:USB_DEVICE/App/usbd_desc.c **** /**
 267:USB_DEVICE/App/usbd_desc.c ****   * @brief  Return the LangID string descriptor
 268:USB_DEVICE/App/usbd_desc.c ****   * @param  speed : Current device speed
 269:USB_DEVICE/App/usbd_desc.c ****   * @param  length : Pointer to data length variable
 270:USB_DEVICE/App/usbd_desc.c ****   * @retval Pointer to descriptor buffer
 271:USB_DEVICE/App/usbd_desc.c ****   */
 272:USB_DEVICE/App/usbd_desc.c **** uint8_t * USBD_FS_LangIDStrDescriptor(USBD_SpeedTypeDef speed, uint16_t *length)
 273:USB_DEVICE/App/usbd_desc.c **** {
  63              		.loc 1 273 1 is_stmt 1 view -0
  64              		.cfi_startproc
  65              		@ args = 0, pretend = 0, frame = 0
  66              		@ frame_needed = 0, uses_anonymous_args = 0
  67              		@ link register save eliminated.
 274:USB_DEVICE/App/usbd_desc.c ****   UNUSED(speed);
  68              		.loc 1 274 3 view .LVU8
 275:USB_DEVICE/App/usbd_desc.c ****   *length = sizeof(USBD_LangIDDesc);
  69              		.loc 1 275 3 view .LVU9
  70              		.loc 1 275 11 is_stmt 0 view .LVU10
ARM GAS  /tmp/ccnLF5bw.s 			page 7


  71 0000 0423     		movs	r3, #4
  72 0002 0B80     		strh	r3, [r1]	@ movhi
 276:USB_DEVICE/App/usbd_desc.c ****   return USBD_LangIDDesc;
  73              		.loc 1 276 3 is_stmt 1 view .LVU11
 277:USB_DEVICE/App/usbd_desc.c **** }
  74              		.loc 1 277 1 is_stmt 0 view .LVU12
  75 0004 0048     		ldr	r0, .L5
  76              	.LVL3:
  77              		.loc 1 277 1 view .LVU13
  78 0006 7047     		bx	lr
  79              	.L6:
  80              		.align	2
  81              	.L5:
  82 0008 00000000 		.word	USBD_LangIDDesc
  83              		.cfi_endproc
  84              	.LFE139:
  86              		.section	.text.IntToUnicode,"ax",%progbits
  87              		.align	1
  88              		.syntax unified
  89              		.thumb
  90              		.thumb_func
  92              	IntToUnicode:
  93              	.LVL4:
  94              	.LFB146:
 278:USB_DEVICE/App/usbd_desc.c **** 
 279:USB_DEVICE/App/usbd_desc.c **** /**
 280:USB_DEVICE/App/usbd_desc.c ****   * @brief  Return the product string descriptor
 281:USB_DEVICE/App/usbd_desc.c ****   * @param  speed : Current device speed
 282:USB_DEVICE/App/usbd_desc.c ****   * @param  length : Pointer to data length variable
 283:USB_DEVICE/App/usbd_desc.c ****   * @retval Pointer to descriptor buffer
 284:USB_DEVICE/App/usbd_desc.c ****   */
 285:USB_DEVICE/App/usbd_desc.c **** uint8_t * USBD_FS_ProductStrDescriptor(USBD_SpeedTypeDef speed, uint16_t *length)
 286:USB_DEVICE/App/usbd_desc.c **** {
 287:USB_DEVICE/App/usbd_desc.c ****   if(speed == 0)
 288:USB_DEVICE/App/usbd_desc.c ****   {
 289:USB_DEVICE/App/usbd_desc.c ****     USBD_GetString((uint8_t *)USBD_PRODUCT_STRING_FS, USBD_StrDesc, length);
 290:USB_DEVICE/App/usbd_desc.c ****   }
 291:USB_DEVICE/App/usbd_desc.c ****   else
 292:USB_DEVICE/App/usbd_desc.c ****   {
 293:USB_DEVICE/App/usbd_desc.c ****     USBD_GetString((uint8_t *)USBD_PRODUCT_STRING_FS, USBD_StrDesc, length);
 294:USB_DEVICE/App/usbd_desc.c ****   }
 295:USB_DEVICE/App/usbd_desc.c ****   return USBD_StrDesc;
 296:USB_DEVICE/App/usbd_desc.c **** }
 297:USB_DEVICE/App/usbd_desc.c **** 
 298:USB_DEVICE/App/usbd_desc.c **** /**
 299:USB_DEVICE/App/usbd_desc.c ****   * @brief  Return the manufacturer string descriptor
 300:USB_DEVICE/App/usbd_desc.c ****   * @param  speed : Current device speed
 301:USB_DEVICE/App/usbd_desc.c ****   * @param  length : Pointer to data length variable
 302:USB_DEVICE/App/usbd_desc.c ****   * @retval Pointer to descriptor buffer
 303:USB_DEVICE/App/usbd_desc.c ****   */
 304:USB_DEVICE/App/usbd_desc.c **** uint8_t * USBD_FS_ManufacturerStrDescriptor(USBD_SpeedTypeDef speed, uint16_t *length)
 305:USB_DEVICE/App/usbd_desc.c **** {
 306:USB_DEVICE/App/usbd_desc.c ****   UNUSED(speed);
 307:USB_DEVICE/App/usbd_desc.c ****   USBD_GetString((uint8_t *)USBD_MANUFACTURER_STRING, USBD_StrDesc, length);
 308:USB_DEVICE/App/usbd_desc.c ****   return USBD_StrDesc;
 309:USB_DEVICE/App/usbd_desc.c **** }
 310:USB_DEVICE/App/usbd_desc.c **** 
ARM GAS  /tmp/ccnLF5bw.s 			page 8


 311:USB_DEVICE/App/usbd_desc.c **** /**
 312:USB_DEVICE/App/usbd_desc.c ****   * @brief  Return the serial number string descriptor
 313:USB_DEVICE/App/usbd_desc.c ****   * @param  speed : Current device speed
 314:USB_DEVICE/App/usbd_desc.c ****   * @param  length : Pointer to data length variable
 315:USB_DEVICE/App/usbd_desc.c ****   * @retval Pointer to descriptor buffer
 316:USB_DEVICE/App/usbd_desc.c ****   */
 317:USB_DEVICE/App/usbd_desc.c **** uint8_t * USBD_FS_SerialStrDescriptor(USBD_SpeedTypeDef speed, uint16_t *length)
 318:USB_DEVICE/App/usbd_desc.c **** {
 319:USB_DEVICE/App/usbd_desc.c ****   UNUSED(speed);
 320:USB_DEVICE/App/usbd_desc.c ****   *length = USB_SIZ_STRING_SERIAL;
 321:USB_DEVICE/App/usbd_desc.c **** 
 322:USB_DEVICE/App/usbd_desc.c ****   /* Update the serial number string descriptor with the data from the unique
 323:USB_DEVICE/App/usbd_desc.c ****    * ID */
 324:USB_DEVICE/App/usbd_desc.c ****   Get_SerialNum();
 325:USB_DEVICE/App/usbd_desc.c ****   /* USER CODE BEGIN USBD_FS_SerialStrDescriptor */
 326:USB_DEVICE/App/usbd_desc.c **** 
 327:USB_DEVICE/App/usbd_desc.c ****   /* USER CODE END USBD_FS_SerialStrDescriptor */
 328:USB_DEVICE/App/usbd_desc.c ****   return (uint8_t *) USBD_StringSerial;
 329:USB_DEVICE/App/usbd_desc.c **** }
 330:USB_DEVICE/App/usbd_desc.c **** 
 331:USB_DEVICE/App/usbd_desc.c **** /**
 332:USB_DEVICE/App/usbd_desc.c ****   * @brief  Return the configuration string descriptor
 333:USB_DEVICE/App/usbd_desc.c ****   * @param  speed : Current device speed
 334:USB_DEVICE/App/usbd_desc.c ****   * @param  length : Pointer to data length variable
 335:USB_DEVICE/App/usbd_desc.c ****   * @retval Pointer to descriptor buffer
 336:USB_DEVICE/App/usbd_desc.c ****   */
 337:USB_DEVICE/App/usbd_desc.c **** uint8_t * USBD_FS_ConfigStrDescriptor(USBD_SpeedTypeDef speed, uint16_t *length)
 338:USB_DEVICE/App/usbd_desc.c **** {
 339:USB_DEVICE/App/usbd_desc.c ****   if(speed == USBD_SPEED_HIGH)
 340:USB_DEVICE/App/usbd_desc.c ****   {
 341:USB_DEVICE/App/usbd_desc.c ****     USBD_GetString((uint8_t *)USBD_CONFIGURATION_STRING_FS, USBD_StrDesc, length);
 342:USB_DEVICE/App/usbd_desc.c ****   }
 343:USB_DEVICE/App/usbd_desc.c ****   else
 344:USB_DEVICE/App/usbd_desc.c ****   {
 345:USB_DEVICE/App/usbd_desc.c ****     USBD_GetString((uint8_t *)USBD_CONFIGURATION_STRING_FS, USBD_StrDesc, length);
 346:USB_DEVICE/App/usbd_desc.c ****   }
 347:USB_DEVICE/App/usbd_desc.c ****   return USBD_StrDesc;
 348:USB_DEVICE/App/usbd_desc.c **** }
 349:USB_DEVICE/App/usbd_desc.c **** 
 350:USB_DEVICE/App/usbd_desc.c **** /**
 351:USB_DEVICE/App/usbd_desc.c ****   * @brief  Return the interface string descriptor
 352:USB_DEVICE/App/usbd_desc.c ****   * @param  speed : Current device speed
 353:USB_DEVICE/App/usbd_desc.c ****   * @param  length : Pointer to data length variable
 354:USB_DEVICE/App/usbd_desc.c ****   * @retval Pointer to descriptor buffer
 355:USB_DEVICE/App/usbd_desc.c ****   */
 356:USB_DEVICE/App/usbd_desc.c **** uint8_t * USBD_FS_InterfaceStrDescriptor(USBD_SpeedTypeDef speed, uint16_t *length)
 357:USB_DEVICE/App/usbd_desc.c **** {
 358:USB_DEVICE/App/usbd_desc.c ****   if(speed == 0)
 359:USB_DEVICE/App/usbd_desc.c ****   {
 360:USB_DEVICE/App/usbd_desc.c ****     USBD_GetString((uint8_t *)USBD_INTERFACE_STRING_FS, USBD_StrDesc, length);
 361:USB_DEVICE/App/usbd_desc.c ****   }
 362:USB_DEVICE/App/usbd_desc.c ****   else
 363:USB_DEVICE/App/usbd_desc.c ****   {
 364:USB_DEVICE/App/usbd_desc.c ****     USBD_GetString((uint8_t *)USBD_INTERFACE_STRING_FS, USBD_StrDesc, length);
 365:USB_DEVICE/App/usbd_desc.c ****   }
 366:USB_DEVICE/App/usbd_desc.c ****   return USBD_StrDesc;
 367:USB_DEVICE/App/usbd_desc.c **** }
ARM GAS  /tmp/ccnLF5bw.s 			page 9


 368:USB_DEVICE/App/usbd_desc.c **** 
 369:USB_DEVICE/App/usbd_desc.c **** #if (USBD_LPM_ENABLED == 1)
 370:USB_DEVICE/App/usbd_desc.c **** /**
 371:USB_DEVICE/App/usbd_desc.c ****   * @brief  Return the BOS descriptor
 372:USB_DEVICE/App/usbd_desc.c ****   * @param  speed : Current device speed
 373:USB_DEVICE/App/usbd_desc.c ****   * @param  length : Pointer to data length variable
 374:USB_DEVICE/App/usbd_desc.c ****   * @retval Pointer to descriptor buffer
 375:USB_DEVICE/App/usbd_desc.c ****   */
 376:USB_DEVICE/App/usbd_desc.c **** uint8_t * USBD_FS_USR_BOSDescriptor(USBD_SpeedTypeDef speed, uint16_t *length)
 377:USB_DEVICE/App/usbd_desc.c **** {
 378:USB_DEVICE/App/usbd_desc.c ****   UNUSED(speed);
 379:USB_DEVICE/App/usbd_desc.c ****   *length = sizeof(USBD_FS_BOSDesc);
 380:USB_DEVICE/App/usbd_desc.c ****   return (uint8_t*)USBD_FS_BOSDesc;
 381:USB_DEVICE/App/usbd_desc.c **** }
 382:USB_DEVICE/App/usbd_desc.c **** #endif /* (USBD_LPM_ENABLED == 1) */
 383:USB_DEVICE/App/usbd_desc.c **** 
 384:USB_DEVICE/App/usbd_desc.c **** /**
 385:USB_DEVICE/App/usbd_desc.c ****   * @brief  Create the serial number string descriptor
 386:USB_DEVICE/App/usbd_desc.c ****   * @param  None
 387:USB_DEVICE/App/usbd_desc.c ****   * @retval None
 388:USB_DEVICE/App/usbd_desc.c ****   */
 389:USB_DEVICE/App/usbd_desc.c **** static void Get_SerialNum(void)
 390:USB_DEVICE/App/usbd_desc.c **** {
 391:USB_DEVICE/App/usbd_desc.c ****   uint32_t deviceserial0;
 392:USB_DEVICE/App/usbd_desc.c ****   uint32_t deviceserial1;
 393:USB_DEVICE/App/usbd_desc.c ****   uint32_t deviceserial2;
 394:USB_DEVICE/App/usbd_desc.c **** 
 395:USB_DEVICE/App/usbd_desc.c ****   deviceserial0 = *(uint32_t *) DEVICE_ID1;
 396:USB_DEVICE/App/usbd_desc.c ****   deviceserial1 = *(uint32_t *) DEVICE_ID2;
 397:USB_DEVICE/App/usbd_desc.c ****   deviceserial2 = *(uint32_t *) DEVICE_ID3;
 398:USB_DEVICE/App/usbd_desc.c **** 
 399:USB_DEVICE/App/usbd_desc.c ****   deviceserial0 += deviceserial2;
 400:USB_DEVICE/App/usbd_desc.c **** 
 401:USB_DEVICE/App/usbd_desc.c ****   if (deviceserial0 != 0)
 402:USB_DEVICE/App/usbd_desc.c ****   {
 403:USB_DEVICE/App/usbd_desc.c ****     IntToUnicode(deviceserial0, &USBD_StringSerial[2], 8);
 404:USB_DEVICE/App/usbd_desc.c ****     IntToUnicode(deviceserial1, &USBD_StringSerial[18], 4);
 405:USB_DEVICE/App/usbd_desc.c ****   }
 406:USB_DEVICE/App/usbd_desc.c **** }
 407:USB_DEVICE/App/usbd_desc.c **** 
 408:USB_DEVICE/App/usbd_desc.c **** /**
 409:USB_DEVICE/App/usbd_desc.c ****   * @brief  Convert Hex 32Bits value into char
 410:USB_DEVICE/App/usbd_desc.c ****   * @param  value: value to convert
 411:USB_DEVICE/App/usbd_desc.c ****   * @param  pbuf: pointer to the buffer
 412:USB_DEVICE/App/usbd_desc.c ****   * @param  len: buffer length
 413:USB_DEVICE/App/usbd_desc.c ****   * @retval None
 414:USB_DEVICE/App/usbd_desc.c ****   */
 415:USB_DEVICE/App/usbd_desc.c **** static void IntToUnicode(uint32_t value, uint8_t * pbuf, uint8_t len)
 416:USB_DEVICE/App/usbd_desc.c **** {
  95              		.loc 1 416 1 is_stmt 1 view -0
  96              		.cfi_startproc
  97              		@ args = 0, pretend = 0, frame = 0
  98              		@ frame_needed = 0, uses_anonymous_args = 0
 417:USB_DEVICE/App/usbd_desc.c ****   uint8_t idx = 0;
  99              		.loc 1 417 3 view .LVU15
 418:USB_DEVICE/App/usbd_desc.c **** 
 419:USB_DEVICE/App/usbd_desc.c ****   for (idx = 0; idx < len; idx++)
ARM GAS  /tmp/ccnLF5bw.s 			page 10


 100              		.loc 1 419 3 view .LVU16
 101              		.loc 1 419 12 is_stmt 0 view .LVU17
 102 0000 0023     		movs	r3, #0
 103              	.LVL5:
 104              		.loc 1 419 21 is_stmt 1 discriminator 1 view .LVU18
 105 0002 9342     		cmp	r3, r2
 106 0004 1ED2     		bcs	.L15
 416:USB_DEVICE/App/usbd_desc.c ****   uint8_t idx = 0;
 107              		.loc 1 416 1 is_stmt 0 view .LVU19
 108 0006 00B5     		push	{lr}
 109              	.LCFI0:
 110              		.cfi_def_cfa_offset 4
 111              		.cfi_offset 14, -4
 112 0008 10E0     		b	.L11
 113              	.L9:
 420:USB_DEVICE/App/usbd_desc.c ****   {
 421:USB_DEVICE/App/usbd_desc.c ****     if (((value >> 28)) < 0xA)
 422:USB_DEVICE/App/usbd_desc.c ****     {
 423:USB_DEVICE/App/usbd_desc.c ****       pbuf[2 * idx] = (value >> 28) + '0';
 424:USB_DEVICE/App/usbd_desc.c ****     }
 425:USB_DEVICE/App/usbd_desc.c ****     else
 426:USB_DEVICE/App/usbd_desc.c ****     {
 427:USB_DEVICE/App/usbd_desc.c ****       pbuf[2 * idx] = (value >> 28) + 'A' - 10;
 114              		.loc 1 427 7 is_stmt 1 view .LVU20
 115              		.loc 1 427 43 is_stmt 0 view .LVU21
 116 000a 0CF1370C 		add	ip, ip, #55
 117              		.loc 1 427 21 view .LVU22
 118 000e 01F813C0 		strb	ip, [r1, r3, lsl #1]
 119              	.L10:
 428:USB_DEVICE/App/usbd_desc.c ****     }
 429:USB_DEVICE/App/usbd_desc.c **** 
 430:USB_DEVICE/App/usbd_desc.c ****     value = value << 4;
 120              		.loc 1 430 5 is_stmt 1 view .LVU23
 121              		.loc 1 430 11 is_stmt 0 view .LVU24
 122 0012 0001     		lsls	r0, r0, #4
 123              	.LVL6:
 431:USB_DEVICE/App/usbd_desc.c **** 
 432:USB_DEVICE/App/usbd_desc.c ****     pbuf[2 * idx + 1] = 0;
 124              		.loc 1 432 5 is_stmt 1 view .LVU25
 125              		.loc 1 432 12 is_stmt 0 view .LVU26
 126 0014 4FEA430C 		lsl	ip, r3, #1
 127              		.loc 1 432 9 view .LVU27
 128 0018 0CF1010C 		add	ip, ip, #1
 129              		.loc 1 432 23 view .LVU28
 130 001c 4FF0000E 		mov	lr, #0
 131 0020 01F80CE0 		strb	lr, [r1, ip]
 419:USB_DEVICE/App/usbd_desc.c ****   {
 132              		.loc 1 419 31 is_stmt 1 discriminator 2 view .LVU29
 133 0024 0133     		adds	r3, r3, #1
 134              	.LVL7:
 419:USB_DEVICE/App/usbd_desc.c ****   {
 135              		.loc 1 419 31 is_stmt 0 discriminator 2 view .LVU30
 136 0026 DBB2     		uxtb	r3, r3
 137              	.LVL8:
 419:USB_DEVICE/App/usbd_desc.c ****   {
 138              		.loc 1 419 21 is_stmt 1 discriminator 1 view .LVU31
 139 0028 9342     		cmp	r3, r2
ARM GAS  /tmp/ccnLF5bw.s 			page 11


 140 002a 09D2     		bcs	.L16
 141              	.L11:
 421:USB_DEVICE/App/usbd_desc.c ****     {
 142              		.loc 1 421 5 view .LVU32
 421:USB_DEVICE/App/usbd_desc.c ****     {
 143              		.loc 1 421 17 is_stmt 0 view .LVU33
 144 002c 4FEA107C 		lsr	ip, r0, #28
 421:USB_DEVICE/App/usbd_desc.c ****     {
 145              		.loc 1 421 8 view .LVU34
 146 0030 B0F1204F 		cmp	r0, #-1610612736
 147 0034 E9D2     		bcs	.L9
 423:USB_DEVICE/App/usbd_desc.c ****     }
 148              		.loc 1 423 7 is_stmt 1 view .LVU35
 423:USB_DEVICE/App/usbd_desc.c ****     }
 149              		.loc 1 423 37 is_stmt 0 view .LVU36
 150 0036 0CF1300C 		add	ip, ip, #48
 423:USB_DEVICE/App/usbd_desc.c ****     }
 151              		.loc 1 423 21 view .LVU37
 152 003a 01F813C0 		strb	ip, [r1, r3, lsl #1]
 153 003e E8E7     		b	.L10
 154              	.L16:
 433:USB_DEVICE/App/usbd_desc.c ****   }
 434:USB_DEVICE/App/usbd_desc.c **** }
 155              		.loc 1 434 1 view .LVU38
 156 0040 5DF804FB 		ldr	pc, [sp], #4
 157              	.L15:
 158              	.LCFI1:
 159              		.cfi_def_cfa_offset 0
 160              		.cfi_restore 14
 161              		.loc 1 434 1 view .LVU39
 162 0044 7047     		bx	lr
 163              		.cfi_endproc
 164              	.LFE146:
 166              		.section	.text.Get_SerialNum,"ax",%progbits
 167              		.align	1
 168              		.syntax unified
 169              		.thumb
 170              		.thumb_func
 172              	Get_SerialNum:
 173              	.LFB145:
 390:USB_DEVICE/App/usbd_desc.c ****   uint32_t deviceserial0;
 174              		.loc 1 390 1 is_stmt 1 view -0
 175              		.cfi_startproc
 176              		@ args = 0, pretend = 0, frame = 0
 177              		@ frame_needed = 0, uses_anonymous_args = 0
 178 0000 38B5     		push	{r3, r4, r5, lr}
 179              	.LCFI2:
 180              		.cfi_def_cfa_offset 16
 181              		.cfi_offset 3, -16
 182              		.cfi_offset 4, -12
 183              		.cfi_offset 5, -8
 184              		.cfi_offset 14, -4
 391:USB_DEVICE/App/usbd_desc.c ****   uint32_t deviceserial1;
 185              		.loc 1 391 3 view .LVU41
 392:USB_DEVICE/App/usbd_desc.c ****   uint32_t deviceserial2;
 186              		.loc 1 392 3 view .LVU42
 393:USB_DEVICE/App/usbd_desc.c **** 
ARM GAS  /tmp/ccnLF5bw.s 			page 12


 187              		.loc 1 393 3 view .LVU43
 395:USB_DEVICE/App/usbd_desc.c ****   deviceserial1 = *(uint32_t *) DEVICE_ID2;
 188              		.loc 1 395 3 view .LVU44
 395:USB_DEVICE/App/usbd_desc.c ****   deviceserial1 = *(uint32_t *) DEVICE_ID2;
 189              		.loc 1 395 17 is_stmt 0 view .LVU45
 190 0002 0B4B     		ldr	r3, .L21
 191 0004 D3F8100A 		ldr	r0, [r3, #2576]
 192              	.LVL9:
 396:USB_DEVICE/App/usbd_desc.c ****   deviceserial2 = *(uint32_t *) DEVICE_ID3;
 193              		.loc 1 396 3 is_stmt 1 view .LVU46
 396:USB_DEVICE/App/usbd_desc.c ****   deviceserial2 = *(uint32_t *) DEVICE_ID3;
 194              		.loc 1 396 17 is_stmt 0 view .LVU47
 195 0008 D3F8144A 		ldr	r4, [r3, #2580]
 196              	.LVL10:
 397:USB_DEVICE/App/usbd_desc.c **** 
 197              		.loc 1 397 3 is_stmt 1 view .LVU48
 397:USB_DEVICE/App/usbd_desc.c **** 
 198              		.loc 1 397 17 is_stmt 0 view .LVU49
 199 000c D3F8183A 		ldr	r3, [r3, #2584]
 200              	.LVL11:
 399:USB_DEVICE/App/usbd_desc.c **** 
 201              		.loc 1 399 3 is_stmt 1 view .LVU50
 401:USB_DEVICE/App/usbd_desc.c ****   {
 202              		.loc 1 401 3 view .LVU51
 401:USB_DEVICE/App/usbd_desc.c ****   {
 203              		.loc 1 401 6 is_stmt 0 view .LVU52
 204 0010 C018     		adds	r0, r0, r3
 205              	.LVL12:
 401:USB_DEVICE/App/usbd_desc.c ****   {
 206              		.loc 1 401 6 view .LVU53
 207 0012 00D1     		bne	.L20
 208              	.LVL13:
 209              	.L17:
 406:USB_DEVICE/App/usbd_desc.c **** 
 210              		.loc 1 406 1 view .LVU54
 211 0014 38BD     		pop	{r3, r4, r5, pc}
 212              	.LVL14:
 213              	.L20:
 403:USB_DEVICE/App/usbd_desc.c ****     IntToUnicode(deviceserial1, &USBD_StringSerial[18], 4);
 214              		.loc 1 403 5 is_stmt 1 view .LVU55
 215 0016 074D     		ldr	r5, .L21+4
 216 0018 0822     		movs	r2, #8
 217 001a 2946     		mov	r1, r5
 218 001c FFF7FEFF 		bl	IntToUnicode
 219              	.LVL15:
 404:USB_DEVICE/App/usbd_desc.c ****   }
 220              		.loc 1 404 5 view .LVU56
 221 0020 0422     		movs	r2, #4
 222 0022 05F11001 		add	r1, r5, #16
 223 0026 2046     		mov	r0, r4
 224 0028 FFF7FEFF 		bl	IntToUnicode
 225              	.LVL16:
 406:USB_DEVICE/App/usbd_desc.c **** 
 226              		.loc 1 406 1 is_stmt 0 view .LVU57
 227 002c F2E7     		b	.L17
 228              	.L22:
 229 002e 00BF     		.align	2
ARM GAS  /tmp/ccnLF5bw.s 			page 13


 230              	.L21:
 231 0030 0070FF1F 		.word	536834048
 232 0034 02000000 		.word	USBD_StringSerial+2
 233              		.cfi_endproc
 234              	.LFE145:
 236              		.section	.text.USBD_FS_SerialStrDescriptor,"ax",%progbits
 237              		.align	1
 238              		.global	USBD_FS_SerialStrDescriptor
 239              		.syntax unified
 240              		.thumb
 241              		.thumb_func
 243              	USBD_FS_SerialStrDescriptor:
 244              	.LVL17:
 245              	.LFB142:
 318:USB_DEVICE/App/usbd_desc.c ****   UNUSED(speed);
 246              		.loc 1 318 1 is_stmt 1 view -0
 247              		.cfi_startproc
 248              		@ args = 0, pretend = 0, frame = 0
 249              		@ frame_needed = 0, uses_anonymous_args = 0
 318:USB_DEVICE/App/usbd_desc.c ****   UNUSED(speed);
 250              		.loc 1 318 1 is_stmt 0 view .LVU59
 251 0000 08B5     		push	{r3, lr}
 252              	.LCFI3:
 253              		.cfi_def_cfa_offset 8
 254              		.cfi_offset 3, -8
 255              		.cfi_offset 14, -4
 319:USB_DEVICE/App/usbd_desc.c ****   *length = USB_SIZ_STRING_SERIAL;
 256              		.loc 1 319 3 is_stmt 1 view .LVU60
 320:USB_DEVICE/App/usbd_desc.c **** 
 257              		.loc 1 320 3 view .LVU61
 320:USB_DEVICE/App/usbd_desc.c **** 
 258              		.loc 1 320 11 is_stmt 0 view .LVU62
 259 0002 1A23     		movs	r3, #26
 260 0004 0B80     		strh	r3, [r1]	@ movhi
 324:USB_DEVICE/App/usbd_desc.c ****   /* USER CODE BEGIN USBD_FS_SerialStrDescriptor */
 261              		.loc 1 324 3 is_stmt 1 view .LVU63
 262 0006 FFF7FEFF 		bl	Get_SerialNum
 263              	.LVL18:
 328:USB_DEVICE/App/usbd_desc.c **** }
 264              		.loc 1 328 3 view .LVU64
 329:USB_DEVICE/App/usbd_desc.c **** 
 265              		.loc 1 329 1 is_stmt 0 view .LVU65
 266 000a 0148     		ldr	r0, .L25
 267 000c 08BD     		pop	{r3, pc}
 268              	.L26:
 269 000e 00BF     		.align	2
 270              	.L25:
 271 0010 00000000 		.word	USBD_StringSerial
 272              		.cfi_endproc
 273              	.LFE142:
 275              		.section	.rodata.USBD_FS_ProductStrDescriptor.str1.4,"aMS",%progbits,1
 276              		.align	2
 277              	.LC0:
 278 0000 53544D33 		.ascii	"STM32 Virtual ComPort\000"
 278      32205669 
 278      72747561 
 278      6C20436F 
ARM GAS  /tmp/ccnLF5bw.s 			page 14


 278      6D506F72 
 279              		.section	.text.USBD_FS_ProductStrDescriptor,"ax",%progbits
 280              		.align	1
 281              		.global	USBD_FS_ProductStrDescriptor
 282              		.syntax unified
 283              		.thumb
 284              		.thumb_func
 286              	USBD_FS_ProductStrDescriptor:
 287              	.LVL19:
 288              	.LFB140:
 286:USB_DEVICE/App/usbd_desc.c ****   if(speed == 0)
 289              		.loc 1 286 1 is_stmt 1 view -0
 290              		.cfi_startproc
 291              		@ args = 0, pretend = 0, frame = 0
 292              		@ frame_needed = 0, uses_anonymous_args = 0
 286:USB_DEVICE/App/usbd_desc.c ****   if(speed == 0)
 293              		.loc 1 286 1 is_stmt 0 view .LVU67
 294 0000 08B5     		push	{r3, lr}
 295              	.LCFI4:
 296              		.cfi_def_cfa_offset 8
 297              		.cfi_offset 3, -8
 298              		.cfi_offset 14, -4
 299 0002 0A46     		mov	r2, r1
 287:USB_DEVICE/App/usbd_desc.c ****   {
 300              		.loc 1 287 3 is_stmt 1 view .LVU68
 287:USB_DEVICE/App/usbd_desc.c ****   {
 301              		.loc 1 287 5 is_stmt 0 view .LVU69
 302 0004 28B9     		cbnz	r0, .L28
 289:USB_DEVICE/App/usbd_desc.c ****   }
 303              		.loc 1 289 5 is_stmt 1 view .LVU70
 304 0006 0549     		ldr	r1, .L31
 305              	.LVL20:
 289:USB_DEVICE/App/usbd_desc.c ****   }
 306              		.loc 1 289 5 is_stmt 0 view .LVU71
 307 0008 0548     		ldr	r0, .L31+4
 308              	.LVL21:
 289:USB_DEVICE/App/usbd_desc.c ****   }
 309              		.loc 1 289 5 view .LVU72
 310 000a FFF7FEFF 		bl	USBD_GetString
 311              	.LVL22:
 312              	.L29:
 295:USB_DEVICE/App/usbd_desc.c **** }
 313              		.loc 1 295 3 is_stmt 1 view .LVU73
 296:USB_DEVICE/App/usbd_desc.c **** 
 314              		.loc 1 296 1 is_stmt 0 view .LVU74
 315 000e 0348     		ldr	r0, .L31
 316 0010 08BD     		pop	{r3, pc}
 317              	.LVL23:
 318              	.L28:
 293:USB_DEVICE/App/usbd_desc.c ****   }
 319              		.loc 1 293 5 is_stmt 1 view .LVU75
 320 0012 0249     		ldr	r1, .L31
 321              	.LVL24:
 293:USB_DEVICE/App/usbd_desc.c ****   }
 322              		.loc 1 293 5 is_stmt 0 view .LVU76
 323 0014 0248     		ldr	r0, .L31+4
 324              	.LVL25:
ARM GAS  /tmp/ccnLF5bw.s 			page 15


 293:USB_DEVICE/App/usbd_desc.c ****   }
 325              		.loc 1 293 5 view .LVU77
 326 0016 FFF7FEFF 		bl	USBD_GetString
 327              	.LVL26:
 293:USB_DEVICE/App/usbd_desc.c ****   }
 328              		.loc 1 293 5 view .LVU78
 329 001a F8E7     		b	.L29
 330              	.L32:
 331              		.align	2
 332              	.L31:
 333 001c 00000000 		.word	USBD_StrDesc
 334 0020 00000000 		.word	.LC0
 335              		.cfi_endproc
 336              	.LFE140:
 338              		.section	.rodata.USBD_FS_ManufacturerStrDescriptor.str1.4,"aMS",%progbits,1
 339              		.align	2
 340              	.LC1:
 341 0000 53544D69 		.ascii	"STMicroelectronics\000"
 341      63726F65 
 341      6C656374 
 341      726F6E69 
 341      637300
 342              		.section	.text.USBD_FS_ManufacturerStrDescriptor,"ax",%progbits
 343              		.align	1
 344              		.global	USBD_FS_ManufacturerStrDescriptor
 345              		.syntax unified
 346              		.thumb
 347              		.thumb_func
 349              	USBD_FS_ManufacturerStrDescriptor:
 350              	.LVL27:
 351              	.LFB141:
 305:USB_DEVICE/App/usbd_desc.c ****   UNUSED(speed);
 352              		.loc 1 305 1 is_stmt 1 view -0
 353              		.cfi_startproc
 354              		@ args = 0, pretend = 0, frame = 0
 355              		@ frame_needed = 0, uses_anonymous_args = 0
 305:USB_DEVICE/App/usbd_desc.c ****   UNUSED(speed);
 356              		.loc 1 305 1 is_stmt 0 view .LVU80
 357 0000 10B5     		push	{r4, lr}
 358              	.LCFI5:
 359              		.cfi_def_cfa_offset 8
 360              		.cfi_offset 4, -8
 361              		.cfi_offset 14, -4
 362 0002 0A46     		mov	r2, r1
 306:USB_DEVICE/App/usbd_desc.c ****   USBD_GetString((uint8_t *)USBD_MANUFACTURER_STRING, USBD_StrDesc, length);
 363              		.loc 1 306 3 is_stmt 1 view .LVU81
 307:USB_DEVICE/App/usbd_desc.c ****   return USBD_StrDesc;
 364              		.loc 1 307 3 view .LVU82
 365 0004 034C     		ldr	r4, .L35
 366 0006 2146     		mov	r1, r4
 367              	.LVL28:
 307:USB_DEVICE/App/usbd_desc.c ****   return USBD_StrDesc;
 368              		.loc 1 307 3 is_stmt 0 view .LVU83
 369 0008 0348     		ldr	r0, .L35+4
 370              	.LVL29:
 307:USB_DEVICE/App/usbd_desc.c ****   return USBD_StrDesc;
 371              		.loc 1 307 3 view .LVU84
ARM GAS  /tmp/ccnLF5bw.s 			page 16


 372 000a FFF7FEFF 		bl	USBD_GetString
 373              	.LVL30:
 308:USB_DEVICE/App/usbd_desc.c **** }
 374              		.loc 1 308 3 is_stmt 1 view .LVU85
 309:USB_DEVICE/App/usbd_desc.c **** 
 375              		.loc 1 309 1 is_stmt 0 view .LVU86
 376 000e 2046     		mov	r0, r4
 377 0010 10BD     		pop	{r4, pc}
 378              	.L36:
 379 0012 00BF     		.align	2
 380              	.L35:
 381 0014 00000000 		.word	USBD_StrDesc
 382 0018 00000000 		.word	.LC1
 383              		.cfi_endproc
 384              	.LFE141:
 386              		.section	.rodata.USBD_FS_ConfigStrDescriptor.str1.4,"aMS",%progbits,1
 387              		.align	2
 388              	.LC2:
 389 0000 43444320 		.ascii	"CDC Config\000"
 389      436F6E66 
 389      696700
 390              		.section	.text.USBD_FS_ConfigStrDescriptor,"ax",%progbits
 391              		.align	1
 392              		.global	USBD_FS_ConfigStrDescriptor
 393              		.syntax unified
 394              		.thumb
 395              		.thumb_func
 397              	USBD_FS_ConfigStrDescriptor:
 398              	.LVL31:
 399              	.LFB143:
 338:USB_DEVICE/App/usbd_desc.c ****   if(speed == USBD_SPEED_HIGH)
 400              		.loc 1 338 1 is_stmt 1 view -0
 401              		.cfi_startproc
 402              		@ args = 0, pretend = 0, frame = 0
 403              		@ frame_needed = 0, uses_anonymous_args = 0
 338:USB_DEVICE/App/usbd_desc.c ****   if(speed == USBD_SPEED_HIGH)
 404              		.loc 1 338 1 is_stmt 0 view .LVU88
 405 0000 08B5     		push	{r3, lr}
 406              	.LCFI6:
 407              		.cfi_def_cfa_offset 8
 408              		.cfi_offset 3, -8
 409              		.cfi_offset 14, -4
 410 0002 0A46     		mov	r2, r1
 339:USB_DEVICE/App/usbd_desc.c ****   {
 411              		.loc 1 339 3 is_stmt 1 view .LVU89
 339:USB_DEVICE/App/usbd_desc.c ****   {
 412              		.loc 1 339 5 is_stmt 0 view .LVU90
 413 0004 28B9     		cbnz	r0, .L38
 341:USB_DEVICE/App/usbd_desc.c ****   }
 414              		.loc 1 341 5 is_stmt 1 view .LVU91
 415 0006 0549     		ldr	r1, .L41
 416              	.LVL32:
 341:USB_DEVICE/App/usbd_desc.c ****   }
 417              		.loc 1 341 5 is_stmt 0 view .LVU92
 418 0008 0548     		ldr	r0, .L41+4
 419              	.LVL33:
 341:USB_DEVICE/App/usbd_desc.c ****   }
ARM GAS  /tmp/ccnLF5bw.s 			page 17


 420              		.loc 1 341 5 view .LVU93
 421 000a FFF7FEFF 		bl	USBD_GetString
 422              	.LVL34:
 423              	.L39:
 347:USB_DEVICE/App/usbd_desc.c **** }
 424              		.loc 1 347 3 is_stmt 1 view .LVU94
 348:USB_DEVICE/App/usbd_desc.c **** 
 425              		.loc 1 348 1 is_stmt 0 view .LVU95
 426 000e 0348     		ldr	r0, .L41
 427 0010 08BD     		pop	{r3, pc}
 428              	.LVL35:
 429              	.L38:
 345:USB_DEVICE/App/usbd_desc.c ****   }
 430              		.loc 1 345 5 is_stmt 1 view .LVU96
 431 0012 0249     		ldr	r1, .L41
 432              	.LVL36:
 345:USB_DEVICE/App/usbd_desc.c ****   }
 433              		.loc 1 345 5 is_stmt 0 view .LVU97
 434 0014 0248     		ldr	r0, .L41+4
 435              	.LVL37:
 345:USB_DEVICE/App/usbd_desc.c ****   }
 436              		.loc 1 345 5 view .LVU98
 437 0016 FFF7FEFF 		bl	USBD_GetString
 438              	.LVL38:
 345:USB_DEVICE/App/usbd_desc.c ****   }
 439              		.loc 1 345 5 view .LVU99
 440 001a F8E7     		b	.L39
 441              	.L42:
 442              		.align	2
 443              	.L41:
 444 001c 00000000 		.word	USBD_StrDesc
 445 0020 00000000 		.word	.LC2
 446              		.cfi_endproc
 447              	.LFE143:
 449              		.section	.rodata.USBD_FS_InterfaceStrDescriptor.str1.4,"aMS",%progbits,1
 450              		.align	2
 451              	.LC3:
 452 0000 43444320 		.ascii	"CDC Interface\000"
 452      496E7465 
 452      72666163 
 452      6500
 453              		.section	.text.USBD_FS_InterfaceStrDescriptor,"ax",%progbits
 454              		.align	1
 455              		.global	USBD_FS_InterfaceStrDescriptor
 456              		.syntax unified
 457              		.thumb
 458              		.thumb_func
 460              	USBD_FS_InterfaceStrDescriptor:
 461              	.LVL39:
 462              	.LFB144:
 357:USB_DEVICE/App/usbd_desc.c ****   if(speed == 0)
 463              		.loc 1 357 1 is_stmt 1 view -0
 464              		.cfi_startproc
 465              		@ args = 0, pretend = 0, frame = 0
 466              		@ frame_needed = 0, uses_anonymous_args = 0
 357:USB_DEVICE/App/usbd_desc.c ****   if(speed == 0)
 467              		.loc 1 357 1 is_stmt 0 view .LVU101
ARM GAS  /tmp/ccnLF5bw.s 			page 18


 468 0000 08B5     		push	{r3, lr}
 469              	.LCFI7:
 470              		.cfi_def_cfa_offset 8
 471              		.cfi_offset 3, -8
 472              		.cfi_offset 14, -4
 473 0002 0A46     		mov	r2, r1
 358:USB_DEVICE/App/usbd_desc.c ****   {
 474              		.loc 1 358 3 is_stmt 1 view .LVU102
 358:USB_DEVICE/App/usbd_desc.c ****   {
 475              		.loc 1 358 5 is_stmt 0 view .LVU103
 476 0004 28B9     		cbnz	r0, .L44
 360:USB_DEVICE/App/usbd_desc.c ****   }
 477              		.loc 1 360 5 is_stmt 1 view .LVU104
 478 0006 0549     		ldr	r1, .L47
 479              	.LVL40:
 360:USB_DEVICE/App/usbd_desc.c ****   }
 480              		.loc 1 360 5 is_stmt 0 view .LVU105
 481 0008 0548     		ldr	r0, .L47+4
 482              	.LVL41:
 360:USB_DEVICE/App/usbd_desc.c ****   }
 483              		.loc 1 360 5 view .LVU106
 484 000a FFF7FEFF 		bl	USBD_GetString
 485              	.LVL42:
 486              	.L45:
 366:USB_DEVICE/App/usbd_desc.c **** }
 487              		.loc 1 366 3 is_stmt 1 view .LVU107
 367:USB_DEVICE/App/usbd_desc.c **** 
 488              		.loc 1 367 1 is_stmt 0 view .LVU108
 489 000e 0348     		ldr	r0, .L47
 490 0010 08BD     		pop	{r3, pc}
 491              	.LVL43:
 492              	.L44:
 364:USB_DEVICE/App/usbd_desc.c ****   }
 493              		.loc 1 364 5 is_stmt 1 view .LVU109
 494 0012 0249     		ldr	r1, .L47
 495              	.LVL44:
 364:USB_DEVICE/App/usbd_desc.c ****   }
 496              		.loc 1 364 5 is_stmt 0 view .LVU110
 497 0014 0248     		ldr	r0, .L47+4
 498              	.LVL45:
 364:USB_DEVICE/App/usbd_desc.c ****   }
 499              		.loc 1 364 5 view .LVU111
 500 0016 FFF7FEFF 		bl	USBD_GetString
 501              	.LVL46:
 364:USB_DEVICE/App/usbd_desc.c ****   }
 502              		.loc 1 364 5 view .LVU112
 503 001a F8E7     		b	.L45
 504              	.L48:
 505              		.align	2
 506              	.L47:
 507 001c 00000000 		.word	USBD_StrDesc
 508 0020 00000000 		.word	.LC3
 509              		.cfi_endproc
 510              	.LFE144:
 512              		.global	USBD_StringSerial
 513              		.section	.data.USBD_StringSerial,"aw"
 514              		.align	2
ARM GAS  /tmp/ccnLF5bw.s 			page 19


 517              	USBD_StringSerial:
 518 0000 1A0300   		.ascii	"\032\003\000"
 519 0003 00000000 		.space	23
 519      00000000 
 519      00000000 
 519      00000000 
 519      00000000 
 520              		.global	USBD_StrDesc
 521              		.section	.bss.USBD_StrDesc,"aw",%nobits
 522              		.align	2
 525              	USBD_StrDesc:
 526 0000 00000000 		.space	512
 526      00000000 
 526      00000000 
 526      00000000 
 526      00000000 
 527              		.global	USBD_LangIDDesc
 528              		.section	.data.USBD_LangIDDesc,"aw"
 529              		.align	2
 532              	USBD_LangIDDesc:
 533 0000 04030904 		.ascii	"\004\003\011\004"
 534              		.global	USBD_FS_DeviceDesc
 535              		.section	.data.USBD_FS_DeviceDesc,"aw"
 536              		.align	2
 539              	USBD_FS_DeviceDesc:
 540 0000 12010002 		.ascii	"\022\001\000\002\002\002\000@\203\004@W\000\002\001"
 540      02020040 
 540      83044057 
 540      000201
 541 000f 020301   		.ascii	"\002\003\001"
 542              		.global	FS_Desc
 543              		.section	.data.FS_Desc,"aw"
 544              		.align	2
 547              	FS_Desc:
 548 0000 00000000 		.word	USBD_FS_DeviceDescriptor
 549 0004 00000000 		.word	USBD_FS_LangIDStrDescriptor
 550 0008 00000000 		.word	USBD_FS_ManufacturerStrDescriptor
 551 000c 00000000 		.word	USBD_FS_ProductStrDescriptor
 552 0010 00000000 		.word	USBD_FS_SerialStrDescriptor
 553 0014 00000000 		.word	USBD_FS_ConfigStrDescriptor
 554 0018 00000000 		.word	USBD_FS_InterfaceStrDescriptor
 555              		.text
 556              	.Letext0:
 557              		.file 2 "/usr/lib/gcc/arm-none-eabi/14.2.1/include/stdint.h"
 558              		.file 3 "Middlewares/ST/STM32_USB_Device_Library/Core/Inc/usbd_def.h"
 559              		.file 4 "USB_DEVICE/App/usbd_desc.h"
 560              		.file 5 "Middlewares/ST/STM32_USB_Device_Library/Core/Inc/usbd_ctlreq.h"
ARM GAS  /tmp/ccnLF5bw.s 			page 20


DEFINED SYMBOLS
                            *ABS*:00000000 usbd_desc.c
     /tmp/ccnLF5bw.s:21     .text.USBD_FS_DeviceDescriptor:00000000 $t
     /tmp/ccnLF5bw.s:27     .text.USBD_FS_DeviceDescriptor:00000000 USBD_FS_DeviceDescriptor
     /tmp/ccnLF5bw.s:49     .text.USBD_FS_DeviceDescriptor:00000008 $d
     /tmp/ccnLF5bw.s:539    .data.USBD_FS_DeviceDesc:00000000 USBD_FS_DeviceDesc
     /tmp/ccnLF5bw.s:54     .text.USBD_FS_LangIDStrDescriptor:00000000 $t
     /tmp/ccnLF5bw.s:60     .text.USBD_FS_LangIDStrDescriptor:00000000 USBD_FS_LangIDStrDescriptor
     /tmp/ccnLF5bw.s:82     .text.USBD_FS_LangIDStrDescriptor:00000008 $d
     /tmp/ccnLF5bw.s:532    .data.USBD_LangIDDesc:00000000 USBD_LangIDDesc
     /tmp/ccnLF5bw.s:87     .text.IntToUnicode:00000000 $t
     /tmp/ccnLF5bw.s:92     .text.IntToUnicode:00000000 IntToUnicode
     /tmp/ccnLF5bw.s:167    .text.Get_SerialNum:00000000 $t
     /tmp/ccnLF5bw.s:172    .text.Get_SerialNum:00000000 Get_SerialNum
     /tmp/ccnLF5bw.s:231    .text.Get_SerialNum:00000030 $d
     /tmp/ccnLF5bw.s:517    .data.USBD_StringSerial:00000000 USBD_StringSerial
     /tmp/ccnLF5bw.s:237    .text.USBD_FS_SerialStrDescriptor:00000000 $t
     /tmp/ccnLF5bw.s:243    .text.USBD_FS_SerialStrDescriptor:00000000 USBD_FS_SerialStrDescriptor
     /tmp/ccnLF5bw.s:271    .text.USBD_FS_SerialStrDescriptor:00000010 $d
     /tmp/ccnLF5bw.s:276    .rodata.USBD_FS_ProductStrDescriptor.str1.4:00000000 $d
     /tmp/ccnLF5bw.s:280    .text.USBD_FS_ProductStrDescriptor:00000000 $t
     /tmp/ccnLF5bw.s:286    .text.USBD_FS_ProductStrDescriptor:00000000 USBD_FS_ProductStrDescriptor
     /tmp/ccnLF5bw.s:333    .text.USBD_FS_ProductStrDescriptor:0000001c $d
     /tmp/ccnLF5bw.s:525    .bss.USBD_StrDesc:00000000 USBD_StrDesc
     /tmp/ccnLF5bw.s:339    .rodata.USBD_FS_ManufacturerStrDescriptor.str1.4:00000000 $d
     /tmp/ccnLF5bw.s:343    .text.USBD_FS_ManufacturerStrDescriptor:00000000 $t
     /tmp/ccnLF5bw.s:349    .text.USBD_FS_ManufacturerStrDescriptor:00000000 USBD_FS_ManufacturerStrDescriptor
     /tmp/ccnLF5bw.s:381    .text.USBD_FS_ManufacturerStrDescriptor:00000014 $d
     /tmp/ccnLF5bw.s:387    .rodata.USBD_FS_ConfigStrDescriptor.str1.4:00000000 $d
     /tmp/ccnLF5bw.s:391    .text.USBD_FS_ConfigStrDescriptor:00000000 $t
     /tmp/ccnLF5bw.s:397    .text.USBD_FS_ConfigStrDescriptor:00000000 USBD_FS_ConfigStrDescriptor
     /tmp/ccnLF5bw.s:444    .text.USBD_FS_ConfigStrDescriptor:0000001c $d
     /tmp/ccnLF5bw.s:450    .rodata.USBD_FS_InterfaceStrDescriptor.str1.4:00000000 $d
     /tmp/ccnLF5bw.s:454    .text.USBD_FS_InterfaceStrDescriptor:00000000 $t
     /tmp/ccnLF5bw.s:460    .text.USBD_FS_InterfaceStrDescriptor:00000000 USBD_FS_InterfaceStrDescriptor
     /tmp/ccnLF5bw.s:507    .text.USBD_FS_InterfaceStrDescriptor:0000001c $d
     /tmp/ccnLF5bw.s:514    .data.USBD_StringSerial:00000000 $d
     /tmp/ccnLF5bw.s:522    .bss.USBD_StrDesc:00000000 $d
     /tmp/ccnLF5bw.s:529    .data.USBD_LangIDDesc:00000000 $d
     /tmp/ccnLF5bw.s:536    .data.USBD_FS_DeviceDesc:00000000 $d
     /tmp/ccnLF5bw.s:547    .data.FS_Desc:00000000 FS_Desc
     /tmp/ccnLF5bw.s:544    .data.FS_Desc:00000000 $d

UNDEFINED SYMBOLS
USBD_GetString
